<?xml version="1.0" encoding="UTF-8"?>
<!-- Generated by org.testng.reporters.JUnitXMLReporter -->
<testsuite hostname="DESKTOP-6D0EAN5" ignored="0" name="Test" tests="4" failures="2" timestamp="09 Jul 2021 10:07:02 GMT" time="256.278" errors="0">
  <testcase name="invalidLoginTest1" time="84.469" classname="com.payasia.scripts.LoginTest">
    <failure type="java.lang.AssertionError" message="Wait limit exceeded : Logout Button -- Element Not Found.">
      <![CDATA[java.lang.AssertionError: Wait limit exceeded : Logout Button -- Element Not Found.
	at org.junit.Assert.fail(Assert.java:88)
	at com.payasia.generic.ListenerReport.logTestFailSnap(ListenerReport.java:223)
	at com.payasia.generic.FunctionsLib.explicitWaitVisibility(FunctionsLib.java:138)
	at com.payasia.pageobjects.LoginPage.verifyValidLoginMsg(LoginPage.java:79)
	at com.payasia.scripts.LoginTest.invalidLoginTest1(LoginTest.java:46)
... Removed 29 stack frames]]>
    </failure>
  </testcase> <!-- invalidLoginTest1 -->
  <testcase name="validLoginTest" time="29.885" classname="com.payasia.scripts.LoginTest"/>
  <testcase name="invalidLoginTest1" time="82.361" classname="com.payasia.scripts.LoginTest2">
    <failure type="java.lang.AssertionError" message="Wait limit exceeded : Logout Button -- Element Not Found.">
      <![CDATA[java.lang.AssertionError: Wait limit exceeded : Logout Button -- Element Not Found.
	at org.junit.Assert.fail(Assert.java:88)
	at com.payasia.generic.ListenerReport.logTestFailSnap(ListenerReport.java:223)
	at com.payasia.generic.FunctionsLib.explicitWaitVisibility(FunctionsLib.java:138)
	at com.payasia.pageobjects.LoginPage.verifyValidLoginMsg(LoginPage.java:79)
	at com.payasia.scripts.LoginTest2.invalidLoginTest1(LoginTest2.java:46)
... Removed 29 stack frames]]>
    </failure>
  </testcase> <!-- invalidLoginTest1 -->
  <testcase name="validLoginTest" time="29.01" classname="com.payasia.scripts.LoginTest2"/>
</testsuite> <!-- Test -->
