<?xml version="1.0" encoding="UTF-8"?>
<!-- Generated by org.testng.reporters.JUnitXMLReporter -->
<testsuite hostname="DESKTOP-6D0EAN5" ignored="0" name="Test" tests="2" failures="1" timestamp="07 Jul 2021 07:11:10 GMT" time="138.965" errors="0">
  <testcase name="invalidLoginTest1" time="83.386" classname="com.payasia.scripts.LoginTest">
    <failure type="java.lang.AssertionError" message="Wait limit exceeded : Logout Button -- Element Not Found.">
      <![CDATA[java.lang.AssertionError: Wait limit exceeded : Logout Button -- Element Not Found.
	at org.junit.Assert.fail(Assert.java:88)
	at com.payasia.generic.ListenerReport.logTestFailSnap(ListenerReport.java:222)
	at com.payasia.generic.FunctionsLib.explicitWaitVisibility(FunctionsLib.java:138)
	at com.payasia.pageobjects.LoginPage.verifyValidLoginMsg(LoginPage.java:79)
	at com.payasia.scripts.LoginTest.invalidLoginTest1(LoginTest.java:41)
... Removed 29 stack frames]]>
    </failure>
  </testcase> <!-- invalidLoginTest1 -->
  <testcase name="validLoginTest" time="28.165" classname="com.payasia.scripts.LoginTest"/>
</testsuite> <!-- Test -->
