<?xml version="1.0" encoding="UTF-8"?>
<testng-results skipped="0" failed="0" ignored="0" total="1" passed="1">
  <reporter-output>
    <line>
      <![CDATA[Chrome Launched]]>
    </line>
    <line>
      <![CDATA[Script Passed]]>
    </line>
    <line>
      <![CDATA[Browser is closed]]>
    </line>
  </reporter-output>
  <suite name="Suite" duration-ms="47273" started-at="2021-05-14T14:58:45Z" finished-at="2021-05-14T14:59:33Z">
    <groups>
    </groups>
    <test name="Test" duration-ms="47273" started-at="2021-05-14T14:58:45Z" finished-at="2021-05-14T14:59:33Z">
      <class name="com.payasia.scripts.LoginTest">
        <test-method status="PASS" signature="setUp1(java.lang.String)[pri:0, instance:com.payasia.scripts.LoginTest@5f375618]" name="setUp1" is-config="true" duration-ms="10330" started-at="2021-05-14T20:28:46Z" finished-at="2021-05-14T20:28:56Z">
          <params>
            <param index="0">
              <value>
                <![CDATA[chrome]]>
              </value>
            </param>
          </params>
          <reporter-output>
            <line>
              <![CDATA[Chrome Launched]]>
            </line>
          </reporter-output>
        </test-method> <!-- setUp1 -->
        <test-method status="PASS" signature="validLoginTest()[pri:0, instance:com.payasia.scripts.LoginTest@5f375618]" name="validLoginTest" duration-ms="36319" started-at="2021-05-14T20:28:56Z" finished-at="2021-05-14T20:29:32Z">
          <reporter-output>
          </reporter-output>
        </test-method> <!-- validLoginTest -->
        <test-method status="PASS" signature="tearDown(org.testng.ITestResult)[pri:0, instance:com.payasia.scripts.LoginTest@5f375618]" name="tearDown" is-config="true" duration-ms="306" started-at="2021-05-14T20:29:32Z" finished-at="2021-05-14T20:29:33Z">
          <params>
            <param index="0">
              <value>
                <![CDATA[[TestResult name=validLoginTest status=SUCCESS method=LoginTest.validLoginTest()[pri:0, instance:com.payasia.scripts.LoginTest@5f375618] output={null}]]]>
              </value>
            </param>
          </params>
          <reporter-output>
            <line>
              <![CDATA[Script Passed]]>
            </line>
            <line>
              <![CDATA[Browser is closed]]>
            </line>
          </reporter-output>
        </test-method> <!-- tearDown -->
      </class> <!-- com.payasia.scripts.LoginTest -->
    </test> <!-- Test -->
  </suite> <!-- Suite -->
</testng-results>
