<?xml version="1.0" encoding="UTF-8"?>
<testng-results skipped="0" failed="0" ignored="1" total="2" passed="1">
  <reporter-output>
    <line>
      <![CDATA[Chrome Launched]]>
    </line>
    <line>
      <![CDATA[Script Passed]]>
    </line>
    <line>
      <![CDATA[Browser is closed]]>
    </line>
  </reporter-output>
  <suite name="Suite" duration-ms="55570" started-at="2021-07-08T05:28:45Z" finished-at="2021-07-08T05:29:41Z">
    <groups>
    </groups>
    <test name="Test" duration-ms="55570" started-at="2021-07-08T05:28:45Z" finished-at="2021-07-08T05:29:41Z">
      <class name="com.payasia.scripts.LoginTest">
        <test-method status="PASS" signature="setUp1(java.lang.String)[pri:0, instance:com.payasia.scripts.LoginTest@4439f31e]" name="setUp1" is-config="true" duration-ms="15988" started-at="2021-07-08T10:58:45Z" finished-at="2021-07-08T10:59:01Z">
          <params>
            <param index="0">
              <value>
                <![CDATA[chrome]]>
              </value>
            </param>
          </params>
          <reporter-output>
            <line>
              <![CDATA[Chrome Launched]]>
            </line>
          </reporter-output>
        </test-method> <!-- setUp1 -->
        <test-method status="PASS" signature="validLoginTest()[pri:0, instance:com.payasia.scripts.LoginTest@4439f31e]" name="validLoginTest" duration-ms="39007" started-at="2021-07-08T10:59:01Z" finished-at="2021-07-08T10:59:40Z">
          <reporter-output>
          </reporter-output>
        </test-method> <!-- validLoginTest -->
        <test-method status="PASS" signature="tearDown(org.testng.ITestResult)[pri:0, instance:com.payasia.scripts.LoginTest@4439f31e]" name="tearDown" is-config="true" duration-ms="280" started-at="2021-07-08T10:59:40Z" finished-at="2021-07-08T10:59:41Z">
          <params>
            <param index="0">
              <value>
                <![CDATA[[TestResult name=validLoginTest status=SUCCESS method=LoginTest.validLoginTest()[pri:0, instance:com.payasia.scripts.LoginTest@4439f31e] output={null}]]]>
              </value>
            </param>
          </params>
          <reporter-output>
            <line>
              <![CDATA[Script Passed]]>
            </line>
            <line>
              <![CDATA[Browser is closed]]>
            </line>
          </reporter-output>
        </test-method> <!-- tearDown -->
      </class> <!-- com.payasia.scripts.LoginTest -->
    </test> <!-- Test -->
  </suite> <!-- Suite -->
</testng-results>
