<?xml version="1.0" encoding="UTF-8"?>
<testng-results skipped="0" failed="0" ignored="0" total="1" passed="1">
  <reporter-output>
    <line>
      <![CDATA[Chrome Launched]]>
    </line>
    <line>
      <![CDATA[Script Passed]]>
    </line>
    <line>
      <![CDATA[Browser is closed]]>
    </line>
  </reporter-output>
  <suite name="Suite" duration-ms="37797" started-at="2021-05-10T06:46:55Z" finished-at="2021-05-10T06:47:32Z">
    <groups>
    </groups>
    <test name="Test" duration-ms="37797" started-at="2021-05-10T06:46:55Z" finished-at="2021-05-10T06:47:32Z">
      <class name="com.payasia.scripts.LoginTest">
        <test-method status="PASS" signature="setUp1(java.lang.String)[pri:0, instance:com.payasia.scripts.LoginTest@5f375618]" name="setUp1" is-config="true" duration-ms="7934" started-at="2021-05-10T12:16:55Z" finished-at="2021-05-10T12:17:03Z">
          <params>
            <param index="0">
              <value>
                <![CDATA[chrome]]>
              </value>
            </param>
          </params>
          <reporter-output>
            <line>
              <![CDATA[Chrome Launched]]>
            </line>
          </reporter-output>
        </test-method> <!-- setUp1 -->
        <test-method status="PASS" signature="validLoginTest()[pri:0, instance:com.payasia.scripts.LoginTest@5f375618]" name="validLoginTest" duration-ms="29175" started-at="2021-05-10T12:17:03Z" finished-at="2021-05-10T12:17:32Z">
          <reporter-output>
          </reporter-output>
        </test-method> <!-- validLoginTest -->
        <test-method status="PASS" signature="tearDown(org.testng.ITestResult)[pri:0, instance:com.payasia.scripts.LoginTest@5f375618]" name="tearDown" is-config="true" duration-ms="302" started-at="2021-05-10T12:17:32Z" finished-at="2021-05-10T12:17:32Z">
          <params>
            <param index="0">
              <value>
                <![CDATA[[TestResult name=validLoginTest status=SUCCESS method=LoginTest.validLoginTest()[pri:0, instance:com.payasia.scripts.LoginTest@5f375618] output={null}]]]>
              </value>
            </param>
          </params>
          <reporter-output>
            <line>
              <![CDATA[Script Passed]]>
            </line>
            <line>
              <![CDATA[Browser is closed]]>
            </line>
          </reporter-output>
        </test-method> <!-- tearDown -->
      </class> <!-- com.payasia.scripts.LoginTest -->
    </test> <!-- Test -->
  </suite> <!-- Suite -->
</testng-results>
